<?xml version="1.0" encoding="UTF-8"?>
<!-- Generated by org.testng.reporters.JUnitReportReporter -->
<testsuite hostname="DESKTOP-D2BK0HT" failures="0" tests="1" name="com.mystore.testcases.LoginPageTest" time="53.028" errors="0" timestamp="2021-12-10T16:54:29 GMT" skipped="0">
  <testcase classname="com.mystore.testcases.LoginPageTest" name="LoginTest" time="53.028"/>
  <system-out/>
</testsuite> <!-- com.mystore.testcases.LoginPageTest -->
