<?xml version="1.0" encoding="UTF-8"?>
<!-- Generated by org.testng.reporters.JUnitReportReporter -->
<testsuite hostname="DESKTOP-D2BK0HT" failures="0" tests="2" name="com.mystore.testcases.IndexPageTest" time="33.596" errors="0" timestamp="2021-12-10T16:54:29 GMT" skipped="0">
  <testcase classname="com.mystore.testcases.IndexPageTest" name="verifyLogo" time="16.959"/>
  <system-out/>
  <testcase classname="com.mystore.testcases.IndexPageTest" name="verifyTitle" time="16.637"/>
  <system-out/>
</testsuite> <!-- com.mystore.testcases.IndexPageTest -->
