<?xml version="1.0" encoding="UTF-8"?>
<!-- Generated by org.testng.reporters.JUnitReportReporter -->
<testsuite hostname="51ITLTC09FCB" failures="0" tests="1" name="com.mystore.testcases.EndToEndTest" time="44.386" errors="0" timestamp="2021-12-23T17:01:14 GMT" skipped="0">
  <testcase classname="com.mystore.testcases.EndToEndTest" name="endToEndTest" time="44.386"/>
  <system-out/>
</testsuite> <!-- com.mystore.testcases.EndToEndTest -->
